
Warning: This is a simple server for use in testing or debugging Angular applications
locally. It hasn't been reviewed for security issues.

Binding this server to an open connection can result in compromising your application or
computer. Using a different host than the one passed to the "--host" flag might result in
websocket connection issues. You might need to use "--disable-host-check" if that's the
case.
    
- Building...

Browser bundles        
Initial chunk files     | Names                    |   Raw size
styles.css              | styles                   |  282.73 kB | 
polyfills.js            | polyfills                |   88.09 kB | 
main.js                 | main                     |    5.38 kB | 
chunk-QLAPWFBY.js       | -                        |    3.02 kB | 

                        | Initial total            |  379.23 kB

Lazy chunk files        | Names                    |   Raw size
chunk-YX2KW2N2.js       | account-detail-component |   15.28 kB | 
chunk-K6RK2MPJ.js       | create-account-component |   14.91 kB | 
chunk-IF7OFUZI.js       | dashboard-component      |   14.81 kB | 
chunk-ZAJB4GVN.js       | profile-component        |   14.25 kB | 
chunk-SVDI2WPI.js       | dashboard-component      |   13.50 kB | 
chunk-334MCNV7.js       | transactions-component   |   11.74 kB | 
chunk-OKPUSKP2.js       | transfer-component       |   11.46 kB | 
chunk-CW4V5FUY.js       | accounts-component       |   10.74 kB | 
chunk-5IWVGQWV.js       | login-component          |    9.63 kB | 
chunk-6DN5ZHW3.js       | transactions-component   |    9.07 kB | 
chunk-Y5IPEVJ2.js       | -                        |    7.05 kB | 
chunk-QLCSFVL5.js       | -                        |    1.35 kB | 
chunk-35GDM6BS.js       | -                        |    1.00 kB | 


Server bundles         
Initial chunk files     | Names                    |   Raw size
chunk-NNBF5QYB.mjs      | -                        |    1.03 MB | 
render-utils.server.mjs | render-utils.server      |  663.47 kB | 
polyfills.server.mjs    | polyfills.server         |  559.49 kB | 
chunk-N6NV32DD.mjs      | -                        |  196.07 kB | 
main.server.mjs         | main.server              |    4.92 kB | 
chunk-VPSODEBW.mjs      | -                        |    2.51 kB | 

Lazy chunk files        | Names                    |   Raw size
chunk-MP7NWE66.mjs      | -                        |  202.63 kB | 
chunk-P3UOPGAK.mjs      | xhr2                     |   39.09 kB | 
chunk-QR5DFH2W.mjs      | account-detail-component |   14.99 kB | 
chunk-UET6E47A.mjs      | create-account-component |   14.84 kB | 
chunk-PQ524B7S.mjs      | dashboard-component      |   14.51 kB | 
chunk-QBCPWOCU.mjs      | profile-component        |   14.26 kB | 
chunk-OBQK3FHE.mjs      | dashboard-component      |   13.33 kB | 
chunk-UAMCE5T7.mjs      | transactions-component   |   11.65 kB | 
chunk-U7E5CWSB.mjs      | transfer-component       |   11.56 kB | 
chunk-CEPJCVFE.mjs      | accounts-component       |   10.82 kB | 
chunk-VKPD3NWL.mjs      | login-component          |    9.69 kB | 
chunk-M6ZZ2S74.mjs      | transactions-component   |    9.04 kB | 
chunk-3IG6Y6AH.mjs      | -                        |    7.02 kB | 
chunk-25SDCBV3.mjs      | -                        |    1.30 kB | 
chunk-5MV22CZA.mjs      | -                        | 1021 bytes | 

Application bundle generation complete. [4.975 seconds]

Watch mode enabled. Watching for file changes...
  ➜  Local:   http://localhost:4200/
  ➜  Network: http://10.33.58.33:4200/
  ➜  press h + enter to show help
- Changes detected. Rebuilding...

Browser bundles    
Initial chunk files | Names              | Raw size
main.js             | main               |  5.38 kB | 

Lazy chunk files    | Names              | Raw size
chunk-YMBNLBCC.js   | transfer-component | 11.46 kB | 


Server bundles     
Initial chunk files | Names              | Raw size
main.server.mjs     | main.server        |  4.92 kB | 

Lazy chunk files    | Names              | Raw size
chunk-RXDALYT7.mjs  | transfer-component | 11.57 kB | 

Application bundle generation complete. [0.813 seconds]

Page reload sent to client(s).
- Changes detected. Rebuilding...

Initial chunk files | Names                    | Raw size
main.js             | main                     |  5.38 kB | 

Lazy chunk files    | Names                    | Raw size
chunk-W4DKUZ4A.js   | account-detail-component | 15.28 kB | 

Application bundle generation complete. [1.439 seconds]

Page reload sent to client(s).
- Changes detected. Rebuilding...

Browser bundles    
Initial chunk files | Names                    | Raw size
main.js             | main                     |  5.38 kB | 

Lazy chunk files    | Names                    | Raw size
chunk-JJEG7PAY.js   | profile-component        | 14.25 kB | 
chunk-6ZC4HDAW.js   | dashboard-component      | 13.50 kB | 
chunk-ETOESOXX.js   | transactions-component   | 11.74 kB | 
chunk-JDPIROSY.js   | transfer-component       | 11.46 kB | 
chunk-5PRBMQ6K.js   | -                        |  1.47 kB | 


Server bundles     
Initial chunk files | Names                    | Raw size
main.server.mjs     | main.server              |  4.92 kB | 

Lazy chunk files    | Names                    | Raw size
chunk-UGB25SWK.mjs  | account-detail-component | 14.99 kB | 
chunk-NZKK6HC7.mjs  | profile-component        | 14.26 kB | 
chunk-UEXO4NEB.mjs  | dashboard-component      | 13.33 kB | 
chunk-LYXDIOL3.mjs  | transactions-component   | 11.65 kB | 
chunk-ZY4GKF5N.mjs  | transfer-component       | 11.57 kB | 
chunk-2NN4CNSN.mjs  | -                        |  1.46 kB | 

Application bundle generation complete. [0.434 seconds]

Page reload sent to client(s).
- Changes detected. Rebuilding...

Browser bundles    
Initial chunk files | Names                    | Raw size
main.js             | main                     |  5.38 kB | 

Lazy chunk files    | Names                    | Raw size
chunk-PTYHFGMZ.js   | account-detail-component | 15.28 kB | 
chunk-LLCFCTMA.js   | create-account-component | 14.91 kB | 
chunk-WFECZBIP.js   | dashboard-component      | 14.81 kB | 
chunk-5PR7KURL.js   | accounts-component       | 10.74 kB | 
chunk-5TW4PODW.js   | transactions-component   |  9.07 kB | 
chunk-RYCURRPI.js   | -                        |  2.08 kB | 


Server bundles     
Initial chunk files | Names                    | Raw size
main.server.mjs     | main.server              |  4.92 kB | 

Lazy chunk files    | Names                    | Raw size
chunk-DIRAUNSQ.mjs  | account-detail-component | 14.99 kB | 
chunk-OHI35LEA.mjs  | create-account-component | 14.84 kB | 
chunk-C6DKAQGA.mjs  | dashboard-component      | 14.51 kB | 
chunk-SQU6F7PK.mjs  | accounts-component       | 10.82 kB | 
chunk-FBJZR3RC.mjs  | transactions-component   |  9.04 kB | 
chunk-HK2VYH3H.mjs  | -                        |  2.04 kB | 

Application bundle generation complete. [0.699 seconds]

Page reload sent to client(s).
- Changes detected. Rebuilding...

Application bundle generation failed. [0.254 seconds]

X [ERROR] Could not resolve "./features/user/rewards/rewards.component"

    src/app/app.routes.ts:36:44:
      36 │ ...=> import('./features/user/rewards/rewards.component').then(m =...
         ╵              ~~~~~~~~~~~~~~~~~~~~~~~~~~~~~~~~~~~~~~~~~~~


X [ERROR] TS2307: Cannot find module './features/user/rewards/rewards.component' or its corresponding type declarations. [plugin angular-compiler]

    src/app/app.routes.ts:38:36:
      38 │ ...=> import('./features/user/rewards/rewards.component').then(m =...
         ╵              ~~~~~~~~~~~~~~~~~~~~~~~~~~~~~~~~~~~~~~~~~~~


X [ERROR] Could not resolve "./features/admin/rewards/rewards.component"

    src/app/app.routes.ts:71:44:
      71 │ ...=> import('./features/admin/rewards/rewards.component').then(m ...
         ╵              ~~~~~~~~~~~~~~~~~~~~~~~~~~~~~~~~~~~~~~~~~~~~


X [ERROR] TS2307: Cannot find module './features/admin/rewards/rewards.component' or its corresponding type declarations. [plugin angular-compiler]

    src/app/app.routes.ts:73:36:
      73 │ ...=> import('./features/admin/rewards/rewards.component').then(m ...
         ╵              ~~~~~~~~~~~~~~~~~~~~~~~~~~~~~~~~~~~~~~~~~~~~


X [ERROR] Could not resolve "./features/user/rewards/rewards.component"

    src/app/app.routes.ts:36:44:
      36 │ ...=> import('./features/user/rewards/rewards.component').then(m =...
         ╵              ~~~~~~~~~~~~~~~~~~~~~~~~~~~~~~~~~~~~~~~~~~~


X [ERROR] Could not resolve "./features/admin/rewards/rewards.component"

    src/app/app.routes.ts:71:44:
      71 │ ...=> import('./features/admin/rewards/rewards.component').then(m ...
         ╵              ~~~~~~~~~~~~~~~~~~~~~~~~~~~~~~~~~~~~~~~~~~~~


- Changes detected. Rebuilding...

Application bundle generation failed. [0.270 seconds]

X [ERROR] Could not resolve "./features/user/rewards/rewards.component"

    src/app/app.routes.ts:36:44:
      36 │ ...=> import('./features/user/rewards/rewards.component').then(m =...
         ╵              ~~~~~~~~~~~~~~~~~~~~~~~~~~~~~~~~~~~~~~~~~~~


X [ERROR] TS2307: Cannot find module './features/user/rewards/rewards.component' or its corresponding type declarations. [plugin angular-compiler]

    src/app/app.routes.ts:38:36:
      38 │ ...=> import('./features/user/rewards/rewards.component').then(m =...
         ╵              ~~~~~~~~~~~~~~~~~~~~~~~~~~~~~~~~~~~~~~~~~~~


X [ERROR] Could not resolve "./features/admin/rewards/rewards.component"

    src/app/app.routes.ts:71:44:
      71 │ ...=> import('./features/admin/rewards/rewards.component').then(m ...
         ╵              ~~~~~~~~~~~~~~~~~~~~~~~~~~~~~~~~~~~~~~~~~~~~


X [ERROR] TS2307: Cannot find module './features/admin/rewards/rewards.component' or its corresponding type declarations. [plugin angular-compiler]

    src/app/app.routes.ts:73:36:
      73 │ ...=> import('./features/admin/rewards/rewards.component').then(m ...
         ╵              ~~~~~~~~~~~~~~~~~~~~~~~~~~~~~~~~~~~~~~~~~~~~


X [ERROR] Could not resolve "./features/user/rewards/rewards.component"

    src/app/app.routes.ts:36:44:
      36 │ ...=> import('./features/user/rewards/rewards.component').then(m =...
         ╵              ~~~~~~~~~~~~~~~~~~~~~~~~~~~~~~~~~~~~~~~~~~~


X [ERROR] Could not resolve "./features/admin/rewards/rewards.component"

    src/app/app.routes.ts:71:44:
      71 │ ...=> import('./features/admin/rewards/rewards.component').then(m ...
         ╵              ~~~~~~~~~~~~~~~~~~~~~~~~~~~~~~~~~~~~~~~~~~~~


- Changes detected. Rebuilding...

Application bundle generation failed. [0.519 seconds]

X [ERROR] TS2307: Cannot find module './features/user/rewards/rewards.component' or its corresponding type declarations. [plugin angular-compiler]

    src/app/app.routes.ts:38:36:
      38 │ ...=> import('./features/user/rewards/rewards.component').then(m =...
         ╵              ~~~~~~~~~~~~~~~~~~~~~~~~~~~~~~~~~~~~~~~~~~~


X [ERROR] TS2307: Cannot find module './features/admin/rewards/rewards.component' or its corresponding type declarations. [plugin angular-compiler]

    src/app/app.routes.ts:73:36:
      73 │ ...=> import('./features/admin/rewards/rewards.component').then(m ...
         ╵              ~~~~~~~~~~~~~~~~~~~~~~~~~~~~~~~~~~~~~~~~~~~~


- Changes detected. Rebuilding...

Application bundle generation failed. [0.502 seconds]

X [ERROR] TS2307: Cannot find module './features/user/rewards/rewards.component' or its corresponding type declarations. [plugin angular-compiler]

    src/app/app.routes.ts:38:36:
      38 │ ...=> import('./features/user/rewards/rewards.component').then(m =...
         ╵              ~~~~~~~~~~~~~~~~~~~~~~~~~~~~~~~~~~~~~~~~~~~


X [ERROR] TS2307: Cannot find module './features/admin/rewards/rewards.component' or its corresponding type declarations. [plugin angular-compiler]

    src/app/app.routes.ts:73:36:
      73 │ ...=> import('./features/admin/rewards/rewards.component').then(m ...
         ╵              ~~~~~~~~~~~~~~~~~~~~~~~~~~~~~~~~~~~~~~~~~~~~


- Changes detected. Rebuilding...

Application bundle generation failed. [0.628 seconds]

X [ERROR] TS2307: Cannot find module './features/user/rewards/rewards.component' or its corresponding type declarations. [plugin angular-compiler]

    src/app/app.routes.ts:38:36:
      38 │ ...=> import('./features/user/rewards/rewards.component').then(m =...
         ╵              ~~~~~~~~~~~~~~~~~~~~~~~~~~~~~~~~~~~~~~~~~~~


X [ERROR] TS2307: Cannot find module './features/admin/rewards/rewards.component' or its corresponding type declarations. [plugin angular-compiler]

    src/app/app.routes.ts:73:36:
      73 │ ...=> import('./features/admin/rewards/rewards.component').then(m ...
         ╵              ~~~~~~~~~~~~~~~~~~~~~~~~~~~~~~~~~~~~~~~~~~~~


- Changes detected. Rebuilding...

Application bundle generation failed. [0.429 seconds]

X [ERROR] TS2307: Cannot find module './features/user/rewards/rewards.component' or its corresponding type declarations. [plugin angular-compiler]

    src/app/app.routes.ts:38:36:
      38 │ ...=> import('./features/user/rewards/rewards.component').then(m =...
         ╵              ~~~~~~~~~~~~~~~~~~~~~~~~~~~~~~~~~~~~~~~~~~~


X [ERROR] TS2307: Cannot find module './features/admin/rewards/rewards.component' or its corresponding type declarations. [plugin angular-compiler]

    src/app/app.routes.ts:73:36:
      73 │ ...=> import('./features/admin/rewards/rewards.component').then(m ...
         ╵              ~~~~~~~~~~~~~~~~~~~~~~~~~~~~~~~~~~~~~~~~~~~~


- Changes detected. Rebuilding...

Application bundle generation failed. [0.570 seconds]

X [ERROR] TS2307: Cannot find module './features/user/rewards/rewards.component' or its corresponding type declarations. [plugin angular-compiler]

    src/app/app.routes.ts:38:36:
      38 │ ...=> import('./features/user/rewards/rewards.component').then(m =...
         ╵              ~~~~~~~~~~~~~~~~~~~~~~~~~~~~~~~~~~~~~~~~~~~


X [ERROR] TS2307: Cannot find module './features/admin/rewards/rewards.component' or its corresponding type declarations. [plugin angular-compiler]

    src/app/app.routes.ts:73:36:
      73 │ ...=> import('./features/admin/rewards/rewards.component').then(m ...
         ╵              ~~~~~~~~~~~~~~~~~~~~~~~~~~~~~~~~~~~~~~~~~~~~


- Changes detected. Rebuilding...

Application bundle generation failed. [0.400 seconds]

X [ERROR] TS2307: Cannot find module './features/user/rewards/rewards.component' or its corresponding type declarations. [plugin angular-compiler]

    src/app/app.routes.ts:38:36:
      38 │ ...=> import('./features/user/rewards/rewards.component').then(m =...
         ╵              ~~~~~~~~~~~~~~~~~~~~~~~~~~~~~~~~~~~~~~~~~~~


X [ERROR] TS2307: Cannot find module './features/admin/rewards/rewards.component' or its corresponding type declarations. [plugin angular-compiler]

    src/app/app.routes.ts:73:36:
      73 │ ...=> import('./features/admin/rewards/rewards.component').then(m ...
         ╵              ~~~~~~~~~~~~~~~~~~~~~~~~~~~~~~~~~~~~~~~~~~~~


- Changes detected. Rebuilding...

Application bundle generation failed. [0.485 seconds]

X [ERROR] TS2307: Cannot find module './features/user/rewards/rewards.component' or its corresponding type declarations. [plugin angular-compiler]

    src/app/app.routes.ts:38:36:
      38 │ ...=> import('./features/user/rewards/rewards.component').then(m =...
         ╵              ~~~~~~~~~~~~~~~~~~~~~~~~~~~~~~~~~~~~~~~~~~~


X [ERROR] TS2307: Cannot find module './features/admin/rewards/rewards.component' or its corresponding type declarations. [plugin angular-compiler]

    src/app/app.routes.ts:73:36:
      73 │ ...=> import('./features/admin/rewards/rewards.component').then(m ...
         ╵              ~~~~~~~~~~~~~~~~~~~~~~~~~~~~~~~~~~~~~~~~~~~~


- Changes detected. Rebuilding...

Application bundle generation failed. [2.373 seconds]

X [ERROR] TS2307: Cannot find module './features/user/rewards/rewards.component' or its corresponding type declarations. [plugin angular-compiler]

    src/app/app.routes.ts:38:36:
      38 │ ...=> import('./features/user/rewards/rewards.component').then(m =...
         ╵              ~~~~~~~~~~~~~~~~~~~~~~~~~~~~~~~~~~~~~~~~~~~


X [ERROR] TS2307: Cannot find module './features/admin/rewards/rewards.component' or its corresponding type declarations. [plugin angular-compiler]

    src/app/app.routes.ts:73:36:
      73 │ ...=> import('./features/admin/rewards/rewards.component').then(m ...
         ╵              ~~~~~~~~~~~~~~~~~~~~~~~~~~~~~~~~~~~~~~~~~~~~


- Changes detected. Rebuilding...

Application bundle generation failed. [3.549 seconds]

X [ERROR] TS2307: Cannot find module './features/user/rewards/rewards.component' or its corresponding type declarations. [plugin angular-compiler]

    src/app/app.routes.ts:38:36:
      38 │ ...=> import('./features/user/rewards/rewards.component').then(m =...
         ╵              ~~~~~~~~~~~~~~~~~~~~~~~~~~~~~~~~~~~~~~~~~~~


X [ERROR] TS2307: Cannot find module './features/admin/rewards/rewards.component' or its corresponding type declarations. [plugin angular-compiler]

    src/app/app.routes.ts:73:36:
      73 │ ...=> import('./features/admin/rewards/rewards.component').then(m ...
         ╵              ~~~~~~~~~~~~~~~~~~~~~~~~~~~~~~~~~~~~~~~~~~~~


- Changes detected. Rebuilding...

Application bundle generation failed. [0.624 seconds]

X [ERROR] TS2307: Cannot find module './features/user/rewards/rewards.component' or its corresponding type declarations. [plugin angular-compiler]

    src/app/app.routes.ts:38:36:
      38 │ ...=> import('./features/user/rewards/rewards.component').then(m =...
         ╵              ~~~~~~~~~~~~~~~~~~~~~~~~~~~~~~~~~~~~~~~~~~~


X [ERROR] TS2307: Cannot find module './features/admin/rewards/rewards.component' or its corresponding type declarations. [plugin angular-compiler]

    src/app/app.routes.ts:73:36:
      73 │ ...=> import('./features/admin/rewards/rewards.component').then(m ...
         ╵              ~~~~~~~~~~~~~~~~~~~~~~~~~~~~~~~~~~~~~~~~~~~~


